[0.227s] [34mcolcon[0m [1;30mDEBUG[0m [32mCommand line arguments: ['/usr/bin/colcon', 'build', '--symlink-install'][0m
[0.227s] [34mcolcon[0m [1;30mDEBUG[0m [32mParsed command line arguments: Namespace(log_base=None, log_level=None, verb_name='build', build_base='build', install_base='install', merge_install=False, symlink_install=True, test_result_base=None, continue_on_error=False, executor='parallel', parallel_workers=6, event_handlers=None, ignore_user_meta=False, metas=['./colcon.meta'], base_paths=['.'], packages_ignore=None, packages_ignore_regex=None, paths=None, packages_up_to=None, packages_up_to_regex=None, packages_above=None, packages_above_and_dependencies=None, packages_above_depth=None, packages_select_by_dep=None, packages_skip_by_dep=None, packages_skip_up_to=None, packages_select_build_failed=False, packages_skip_build_finished=False, packages_select_test_failures=False, packages_skip_test_passed=False, packages_select=None, packages_skip=None, packages_select_regex=None, packages_skip_regex=None, packages_start=None, packages_end=None, allow_overriding=[], cmake_args=None, cmake_target=None, cmake_target_skip_unavailable=False, cmake_clean_cache=False, cmake_clean_first=False, cmake_force_configure=False, ament_cmake_args=None, catkin_cmake_args=None, catkin_skip_building_tests=False, mixin_files=None, mixin=None, verb_parser=<colcon_mixin.mixin.mixin_argument.MixinArgumentDecorator object at 0xffffb4ff0e50>, verb_extension=<colcon_core.verb.build.BuildVerb object at 0xffffb51164a0>, main=<bound method BuildVerb.main of <colcon_core.verb.build.BuildVerb object at 0xffffb51164a0>>, mixin_verb=('build',))[0m
[0.575s] [34mcolcon.colcon_core.package_discovery[0m [1;30mLevel 1[0m discover_packages(colcon_meta) check parameters
[0.575s] [34mcolcon.colcon_core.package_discovery[0m [1;30mLevel 1[0m discover_packages(recursive) check parameters
[0.575s] [34mcolcon.colcon_core.package_discovery[0m [1;30mLevel 1[0m discover_packages(ignore) check parameters
[0.575s] [34mcolcon.colcon_core.package_discovery[0m [1;30mLevel 1[0m discover_packages(path) check parameters
[0.575s] [34mcolcon.colcon_core.package_discovery[0m [1;30mLevel 1[0m discover_packages(colcon_meta) discover
[0.575s] [34mcolcon.colcon_core.package_discovery[0m [1;30mLevel 1[0m discover_packages(recursive) discover
[0.575s] [34mcolcon.colcon_core.package_discovery[0m [1;30mINFO[0m Crawling recursively for packages in '/home/team4/Desktop/ros2_mapping_project'
[0.576s] [34mcolcon.colcon_core.package_identification[0m [1;30mLevel 1[0m _identify(.) by extensions ['ignore', 'ignore_ament_install']
[0.576s] [34mcolcon.colcon_core.package_identification[0m [1;30mLevel 1[0m _identify(.) by extension 'ignore'
[0.576s] [34mcolcon.colcon_core.package_identification[0m [1;30mLevel 1[0m _identify(.) by extension 'ignore_ament_install'
[0.576s] [34mcolcon.colcon_core.package_identification[0m [1;30mLevel 1[0m _identify(.) by extensions ['colcon_pkg']
[0.576s] [34mcolcon.colcon_core.package_identification[0m [1;30mLevel 1[0m _identify(.) by extension 'colcon_pkg'
[0.576s] [34mcolcon.colcon_core.package_identification[0m [1;30mLevel 1[0m _identify(.) by extensions ['colcon_meta']
[0.577s] [34mcolcon.colcon_core.package_identification[0m [1;30mLevel 1[0m _identify(.) by extension 'colcon_meta'
[0.577s] [34mcolcon.colcon_core.package_identification[0m [1;30mLevel 1[0m _identify(.) by extensions ['ros']
[0.577s] [34mcolcon.colcon_core.package_identification[0m [1;30mLevel 1[0m _identify(.) by extension 'ros'
[0.629s] [34mcolcon.colcon_core.package_identification[0m [1;30mDEBUG[0m [32mPackage '.' with type 'ros.ament_python' and name 'ros2_mapping_project'[0m
[0.630s] [34mcolcon.colcon_core.package_discovery[0m [1;30mLevel 1[0m discover_packages(recursive) using defaults
[0.630s] [34mcolcon.colcon_core.package_discovery[0m [1;30mLevel 1[0m discover_packages(ignore) discover
[0.630s] [34mcolcon.colcon_core.package_discovery[0m [1;30mLevel 1[0m discover_packages(ignore) using defaults
[0.630s] [34mcolcon.colcon_core.package_discovery[0m [1;30mLevel 1[0m discover_packages(path) discover
[0.630s] [34mcolcon.colcon_core.package_discovery[0m [1;30mLevel 1[0m discover_packages(path) using defaults
[0.659s] [34mcolcon.colcon_core.package_discovery[0m [1;30mLevel 1[0m discover_packages(prefix_path) check parameters
[0.660s] [34mcolcon.colcon_core.package_discovery[0m [1;30mLevel 1[0m discover_packages(prefix_path) discover
[0.664s] [34mcolcon.colcon_installed_package_information.package_discovery[0m [1;30mDEBUG[0m [32mFound 326 installed packages in /opt/ros/humble[0m
[0.667s] [34mcolcon.colcon_core.package_discovery[0m [1;30mLevel 1[0m discover_packages(prefix_path) using defaults
[0.742s] [34mcolcon.colcon_core.verb[0m [1;30mLevel 5[0m set package 'ros2_mapping_project' build argument 'cmake_args' from command line to 'None'
[0.742s] [34mcolcon.colcon_core.verb[0m [1;30mLevel 5[0m set package 'ros2_mapping_project' build argument 'cmake_target' from command line to 'None'
[0.742s] [34mcolcon.colcon_core.verb[0m [1;30mLevel 5[0m set package 'ros2_mapping_project' build argument 'cmake_target_skip_unavailable' from command line to 'False'
[0.742s] [34mcolcon.colcon_core.verb[0m [1;30mLevel 5[0m set package 'ros2_mapping_project' build argument 'cmake_clean_cache' from command line to 'False'
[0.743s] [34mcolcon.colcon_core.verb[0m [1;30mLevel 5[0m set package 'ros2_mapping_project' build argument 'cmake_clean_first' from command line to 'False'
[0.743s] [34mcolcon.colcon_core.verb[0m [1;30mLevel 5[0m set package 'ros2_mapping_project' build argument 'cmake_force_configure' from command line to 'False'
[0.743s] [34mcolcon.colcon_core.verb[0m [1;30mLevel 5[0m set package 'ros2_mapping_project' build argument 'ament_cmake_args' from command line to 'None'
[0.743s] [34mcolcon.colcon_core.verb[0m [1;30mLevel 5[0m set package 'ros2_mapping_project' build argument 'catkin_cmake_args' from command line to 'None'
[0.743s] [34mcolcon.colcon_core.verb[0m [1;30mLevel 5[0m set package 'ros2_mapping_project' build argument 'catkin_skip_building_tests' from command line to 'False'
[0.743s] [34mcolcon.colcon_core.verb[0m [1;30mDEBUG[0m [32mBuilding package 'ros2_mapping_project' with the following arguments: {'ament_cmake_args': None, 'build_base': '/home/team4/Desktop/ros2_mapping_project/build/ros2_mapping_project', 'catkin_cmake_args': None, 'catkin_skip_building_tests': False, 'cmake_args': None, 'cmake_clean_cache': False, 'cmake_clean_first': False, 'cmake_force_configure': False, 'cmake_target': None, 'cmake_target_skip_unavailable': False, 'install_base': '/home/team4/Desktop/ros2_mapping_project/install/ros2_mapping_project', 'merge_install': False, 'path': '/home/team4/Desktop/ros2_mapping_project', 'symlink_install': True, 'test_result_base': None}[0m
[0.743s] [34mcolcon.colcon_core.executor[0m [1;30mINFO[0m Executing jobs using 'parallel' executor
[0.746s] [34mcolcon.colcon_parallel_executor.executor.parallel[0m [1;30mDEBUG[0m [32mrun_until_complete[0m
[0.746s] [34mcolcon.colcon_ros.task.ament_python.build[0m [1;30mINFO[0m Building ROS package in '/home/team4/Desktop/ros2_mapping_project' with build type 'ament_python'
[0.746s] [34mcolcon.colcon_core.shell[0m [1;30mLevel 1[0m create_environment_hook('ros2_mapping_project', 'ament_prefix_path')
[0.750s] [34mcolcon.colcon_core.plugin_system[0m [1;30mINFO[0m Skipping extension 'colcon_core.shell.bat': Not used on non-Windows systems
[0.751s] [34mcolcon.colcon_core.shell[0m [1;30mINFO[0m Creating environment hook '/home/team4/Desktop/ros2_mapping_project/install/ros2_mapping_project/share/ros2_mapping_project/hook/ament_prefix_path.ps1'
[0.752s] [34mcolcon.colcon_core.shell[0m [1;30mINFO[0m Creating environment descriptor '/home/team4/Desktop/ros2_mapping_project/install/ros2_mapping_project/share/ros2_mapping_project/hook/ament_prefix_path.dsv'
[0.753s] [34mcolcon.colcon_core.shell[0m [1;30mINFO[0m Creating environment hook '/home/team4/Desktop/ros2_mapping_project/install/ros2_mapping_project/share/ros2_mapping_project/hook/ament_prefix_path.sh'
[0.755s] [34mcolcon.colcon_core.shell[0m [1;30mINFO[0m Skip shell extension 'powershell' for command environment: Not usable outside of PowerShell
[0.755s] [34mcolcon.colcon_core.shell[0m [1;30mDEBUG[0m [32mSkip shell extension 'dsv' for command environment[0m
[1.305s] [34mcolcon.colcon_core.task.python.build[0m [1;30mINFO[0m Building Python package in '/home/team4/Desktop/ros2_mapping_project'
[1.306s] [34mcolcon.colcon_core.shell[0m [1;30mINFO[0m Skip shell extension 'powershell' for command environment: Not usable outside of PowerShell
[1.306s] [34mcolcon.colcon_core.shell[0m [1;30mDEBUG[0m [32mSkip shell extension 'dsv' for command environment[0m
[2.020s] [34mcolcon.colcon_core.event_handler.log_command[0m [1;30mDEBUG[0m [32mInvoking command in '/home/team4/Desktop/ros2_mapping_project/build/ros2_mapping_project': PYTHONPATH=/home/team4/Desktop/ros2_mapping_project/build/ros2_mapping_project/prefix_override:/usr/lib/python3/dist-packages/colcon_core/task/python/colcon_distutils_commands:/home/team4/Desktop/ros2_mapping_project/install/ros2_mapping_project/lib/python3.10/site-packages:${PYTHONPATH} /usr/bin/python3 -W ignore:setup.py install is deprecated -W ignore:easy_install command is deprecated setup.py develop --editable --build-directory /home/team4/Desktop/ros2_mapping_project/build/ros2_mapping_project/build --no-deps symlink_data[0m
[2.993s] [34mcolcon.colcon_core.shell[0m [1;30mLevel 1[0m create_environment_hook('ros2_mapping_project', 'pythonpath_develop')
[2.994s] [34mcolcon.colcon_core.shell[0m [1;30mINFO[0m Creating environment hook '/home/team4/Desktop/ros2_mapping_project/build/ros2_mapping_project/share/ros2_mapping_project/hook/pythonpath_develop.ps1'
[2.996s] [34mcolcon.colcon_core.event_handler.log_command[0m [1;30mDEBUG[0m [32mInvoked command in '/home/team4/Desktop/ros2_mapping_project/build/ros2_mapping_project' returned '0': PYTHONPATH=/home/team4/Desktop/ros2_mapping_project/build/ros2_mapping_project/prefix_override:/usr/lib/python3/dist-packages/colcon_core/task/python/colcon_distutils_commands:/home/team4/Desktop/ros2_mapping_project/install/ros2_mapping_project/lib/python3.10/site-packages:${PYTHONPATH} /usr/bin/python3 -W ignore:setup.py install is deprecated -W ignore:easy_install command is deprecated setup.py develop --editable --build-directory /home/team4/Desktop/ros2_mapping_project/build/ros2_mapping_project/build --no-deps symlink_data[0m
[2.998s] [34mcolcon.colcon_core.shell[0m [1;30mINFO[0m Creating environment descriptor '/home/team4/Desktop/ros2_mapping_project/build/ros2_mapping_project/share/ros2_mapping_project/hook/pythonpath_develop.dsv'
[3.000s] [34mcolcon.colcon_core.shell[0m [1;30mINFO[0m Creating environment hook '/home/team4/Desktop/ros2_mapping_project/build/ros2_mapping_project/share/ros2_mapping_project/hook/pythonpath_develop.sh'
[3.011s] [34mcolcon.colcon_core.environment[0m [1;30mLevel 1[0m checking '/home/team4/Desktop/ros2_mapping_project/install/ros2_mapping_project' for CMake module files
[3.014s] [34mcolcon.colcon_core.environment[0m [1;30mLevel 1[0m checking '/home/team4/Desktop/ros2_mapping_project/install/ros2_mapping_project' for CMake config files
[3.017s] [34mcolcon.colcon_core.environment[0m [1;30mLevel 1[0m checking '/home/team4/Desktop/ros2_mapping_project/install/ros2_mapping_project/lib'
[3.018s] [34mcolcon.colcon_core.environment[0m [1;30mLevel 1[0m checking '/home/team4/Desktop/ros2_mapping_project/install/ros2_mapping_project/bin'
[3.018s] [34mcolcon.colcon_core.shell[0m [1;30mLevel 1[0m create_environment_hook('ros2_mapping_project', 'path')
[3.019s] [34mcolcon.colcon_core.shell[0m [1;30mINFO[0m Creating environment hook '/home/team4/Desktop/ros2_mapping_project/install/ros2_mapping_project/share/ros2_mapping_project/hook/path.ps1'
[3.021s] [34mcolcon.colcon_core.shell[0m [1;30mINFO[0m Creating environment descriptor '/home/team4/Desktop/ros2_mapping_project/install/ros2_mapping_project/share/ros2_mapping_project/hook/path.dsv'
[3.022s] [34mcolcon.colcon_core.shell[0m [1;30mINFO[0m Creating environment hook '/home/team4/Desktop/ros2_mapping_project/install/ros2_mapping_project/share/ros2_mapping_project/hook/path.sh'
[3.024s] [34mcolcon.colcon_core.environment[0m [1;30mLevel 1[0m checking '/home/team4/Desktop/ros2_mapping_project/install/ros2_mapping_project/lib/pkgconfig/ros2_mapping_project.pc'
[3.025s] [34mcolcon.colcon_core.environment[0m [1;30mLevel 1[0m checking '/home/team4/Desktop/ros2_mapping_project/install/ros2_mapping_project/lib/python3.10/site-packages'
[3.026s] [34mcolcon.colcon_core.shell[0m [1;30mLevel 1[0m create_environment_hook('ros2_mapping_project', 'pythonpath')
[3.026s] [34mcolcon.colcon_core.shell[0m [1;30mINFO[0m Creating environment hook '/home/team4/Desktop/ros2_mapping_project/install/ros2_mapping_project/share/ros2_mapping_project/hook/pythonpath.ps1'
[3.028s] [34mcolcon.colcon_core.shell[0m [1;30mINFO[0m Creating environment descriptor '/home/team4/Desktop/ros2_mapping_project/install/ros2_mapping_project/share/ros2_mapping_project/hook/pythonpath.dsv'
[3.029s] [34mcolcon.colcon_core.shell[0m [1;30mINFO[0m Creating environment hook '/home/team4/Desktop/ros2_mapping_project/install/ros2_mapping_project/share/ros2_mapping_project/hook/pythonpath.sh'
[3.032s] [34mcolcon.colcon_core.environment[0m [1;30mLevel 1[0m checking '/home/team4/Desktop/ros2_mapping_project/install/ros2_mapping_project/bin'
[3.033s] [34mcolcon.colcon_core.shell[0m [1;30mLevel 1[0m create_environment_hook('ros2_mapping_project', 'pythonscriptspath')
[3.033s] [34mcolcon.colcon_core.shell[0m [1;30mINFO[0m Creating environment hook '/home/team4/Desktop/ros2_mapping_project/install/ros2_mapping_project/share/ros2_mapping_project/hook/pythonscriptspath.ps1'
[3.035s] [34mcolcon.colcon_core.shell[0m [1;30mINFO[0m Creating environment descriptor '/home/team4/Desktop/ros2_mapping_project/install/ros2_mapping_project/share/ros2_mapping_project/hook/pythonscriptspath.dsv'
[3.036s] [34mcolcon.colcon_core.shell[0m [1;30mINFO[0m Creating environment hook '/home/team4/Desktop/ros2_mapping_project/install/ros2_mapping_project/share/ros2_mapping_project/hook/pythonscriptspath.sh'
[3.038s] [34mcolcon.colcon_core.environment[0m [1;30mLevel 1[0m create_environment_scripts_only(ros2_mapping_project)
[3.040s] [34mcolcon.colcon_core.shell[0m [1;30mINFO[0m Creating package script '/home/team4/Desktop/ros2_mapping_project/install/ros2_mapping_project/share/ros2_mapping_project/package.ps1'
[3.044s] [34mcolcon.colcon_core.shell[0m [1;30mINFO[0m Creating package descriptor '/home/team4/Desktop/ros2_mapping_project/install/ros2_mapping_project/share/ros2_mapping_project/package.dsv'
[3.046s] [34mcolcon.colcon_core.shell[0m [1;30mINFO[0m Creating package script '/home/team4/Desktop/ros2_mapping_project/install/ros2_mapping_project/share/ros2_mapping_project/package.sh'
[3.049s] [34mcolcon.colcon_core.shell[0m [1;30mINFO[0m Creating package script '/home/team4/Desktop/ros2_mapping_project/install/ros2_mapping_project/share/ros2_mapping_project/package.bash'
[3.053s] [34mcolcon.colcon_core.shell[0m [1;30mINFO[0m Creating package script '/home/team4/Desktop/ros2_mapping_project/install/ros2_mapping_project/share/ros2_mapping_project/package.zsh'
[3.055s] [34mcolcon.colcon_core.environment[0m [1;30mLevel 1[0m create_file_with_runtime_dependencies(/home/team4/Desktop/ros2_mapping_project/install/ros2_mapping_project/share/colcon-core/packages/ros2_mapping_project)
[3.057s] [34mcolcon.colcon_parallel_executor.executor.parallel[0m [1;30mDEBUG[0m [32mclosing loop[0m
[3.059s] [34mcolcon.colcon_parallel_executor.executor.parallel[0m [1;30mDEBUG[0m [32mloop closed[0m
[3.060s] [34mcolcon.colcon_parallel_executor.executor.parallel[0m [1;30mDEBUG[0m [32mrun_until_complete finished with '0'[0m
[3.060s] [34mcolcon.colcon_core.event_reactor[0m [1;30mDEBUG[0m [32mjoining thread[0m
[3.083s] [34mcolcon.colcon_core.plugin_system[0m [1;30mINFO[0m Skipping extension 'colcon_notification.desktop_notification.terminal_notifier': Not used on non-Darwin systems
[3.083s] [34mcolcon.colcon_core.plugin_system[0m [1;30mINFO[0m Skipping extension 'colcon_notification.desktop_notification.win32': Not used on non-Windows systems
[3.083s] [34mcolcon.colcon_notification.desktop_notification[0m [1;30mINFO[0m Sending desktop notification using 'notify2'
[3.131s] [34mcolcon.colcon_core.event_reactor[0m [1;30mDEBUG[0m [32mjoined thread[0m
[3.133s] [34mcolcon.colcon_core.shell[0m [1;30mINFO[0m Creating prefix script '/home/team4/Desktop/ros2_mapping_project/install/local_setup.ps1'
[3.138s] [34mcolcon.colcon_core.shell[0m [1;30mINFO[0m Creating prefix util module '/home/team4/Desktop/ros2_mapping_project/install/_local_setup_util_ps1.py'
[3.145s] [34mcolcon.colcon_core.shell[0m [1;30mINFO[0m Creating prefix chain script '/home/team4/Desktop/ros2_mapping_project/install/setup.ps1'
[3.150s] [34mcolcon.colcon_core.shell[0m [1;30mINFO[0m Creating prefix script '/home/team4/Desktop/ros2_mapping_project/install/local_setup.sh'
[3.152s] [34mcolcon.colcon_core.shell[0m [1;30mINFO[0m Creating prefix util module '/home/team4/Desktop/ros2_mapping_project/install/_local_setup_util_sh.py'
[3.155s] [34mcolcon.colcon_core.shell[0m [1;30mINFO[0m Creating prefix chain script '/home/team4/Desktop/ros2_mapping_project/install/setup.sh'
[3.159s] [34mcolcon.colcon_core.shell[0m [1;30mINFO[0m Creating prefix script '/home/team4/Desktop/ros2_mapping_project/install/local_setup.bash'
[3.161s] [34mcolcon.colcon_core.shell[0m [1;30mINFO[0m Creating prefix chain script '/home/team4/Desktop/ros2_mapping_project/install/setup.bash'
[3.164s] [34mcolcon.colcon_core.shell[0m [1;30mINFO[0m Creating prefix script '/home/team4/Desktop/ros2_mapping_project/install/local_setup.zsh'
[3.166s] [34mcolcon.colcon_core.shell[0m [1;30mINFO[0m Creating prefix chain script '/home/team4/Desktop/ros2_mapping_project/install/setup.zsh'
