/home/team4/Desktop/ros2_mapping_project/install/ros2_mapping_project/lib/python3.10/site-packages/ros2_mapping_project/motor_driver_pca_reg_dual.py
/home/team4/Desktop/ros2_mapping_project/install/ros2_mapping_project/lib/python3.10/site-packages/ros2_mapping_project/encoders_node.py
/home/team4/Desktop/ros2_mapping_project/install/ros2_mapping_project/lib/python3.10/site-packages/ros2_mapping_project/lidar_node.py
/home/team4/Desktop/ros2_mapping_project/install/ros2_mapping_project/lib/python3.10/site-packages/ros2_mapping_project/imu_node.py
/home/team4/Desktop/ros2_mapping_project/install/ros2_mapping_project/lib/python3.10/site-packages/ros2_mapping_project/__init__.py
/home/team4/Desktop/ros2_mapping_project/install/ros2_mapping_project/lib/python3.10/site-packages/ros2_mapping_project/__pycache__/motor_driver_pca_reg_dual.cpython-310.pyc
/home/team4/Desktop/ros2_mapping_project/install/ros2_mapping_project/lib/python3.10/site-packages/ros2_mapping_project/__pycache__/encoders_node.cpython-310.pyc
/home/team4/Desktop/ros2_mapping_project/install/ros2_mapping_project/lib/python3.10/site-packages/ros2_mapping_project/__pycache__/lidar_node.cpython-310.pyc
/home/team4/Desktop/ros2_mapping_project/install/ros2_mapping_project/lib/python3.10/site-packages/ros2_mapping_project/__pycache__/imu_node.cpython-310.pyc
/home/team4/Desktop/ros2_mapping_project/install/ros2_mapping_project/lib/python3.10/site-packages/ros2_mapping_project/__pycache__/__init__.cpython-310.pyc
/home/team4/Desktop/ros2_mapping_project/install/ros2_mapping_project/share/ament_index/resource_index/packages/ros2_mapping_project
/home/team4/Desktop/ros2_mapping_project/install/ros2_mapping_project/share/ros2_mapping_project/package.xml
/home/team4/Desktop/ros2_mapping_project/install/ros2_mapping_project/share/ros2_mapping_project/launch/slam.launch.py
/home/team4/Desktop/ros2_mapping_project/install/ros2_mapping_project/share/ros2_mapping_project/launch/bringup_gpio.launch.py
/home/team4/Desktop/ros2_mapping_project/install/ros2_mapping_project/share/ros2_mapping_project/launch/nav2_navigation.launch.py
/home/team4/Desktop/ros2_mapping_project/install/ros2_mapping_project/share/ros2_mapping_project/config/motor_driver.yaml
/home/team4/Desktop/ros2_mapping_project/install/ros2_mapping_project/share/ros2_mapping_project/config/twist_mux.yaml
/home/team4/Desktop/ros2_mapping_project/install/ros2_mapping_project/share/ros2_mapping_project/description
/home/team4/Desktop/ros2_mapping_project/install/ros2_mapping_project/share/ros2_mapping_project/odom_params.yaml
/home/team4/Desktop/ros2_mapping_project/install/ros2_mapping_project/share/ros2_mapping_project/imu_filter_params.yaml
/home/team4/Desktop/ros2_mapping_project/install/ros2_mapping_project/share/ros2_mapping_project/slam_params.yaml
/home/team4/Desktop/ros2_mapping_project/install/ros2_mapping_project/share/ros2_mapping_project/nav2_params.yaml
/home/team4/Desktop/ros2_mapping_project/install/ros2_mapping_project/share/ros2_mapping_project/slam_params_no_ekf.yaml
/home/team4/Desktop/ros2_mapping_project/install/ros2_mapping_project/share/ros2_mapping_project/nav2_min.yaml
/home/team4/Desktop/ros2_mapping_project/install/ros2_mapping_project/share/ros2_mapping_project/slam.rviz
/home/team4/Desktop/ros2_mapping_project/install/ros2_mapping_project/share/ros2_mapping_project/nav2_fixed.rviz
/home/team4/Desktop/ros2_mapping_project/install/ros2_mapping_project/lib/python3.10/site-packages/ros2_mapping_project-0.0.1-py3.10.egg-info/top_level.txt
/home/team4/Desktop/ros2_mapping_project/install/ros2_mapping_project/lib/python3.10/site-packages/ros2_mapping_project-0.0.1-py3.10.egg-info/requires.txt
/home/team4/Desktop/ros2_mapping_project/install/ros2_mapping_project/lib/python3.10/site-packages/ros2_mapping_project-0.0.1-py3.10.egg-info/SOURCES.txt
/home/team4/Desktop/ros2_mapping_project/install/ros2_mapping_project/lib/python3.10/site-packages/ros2_mapping_project-0.0.1-py3.10.egg-info/entry_points.txt
/home/team4/Desktop/ros2_mapping_project/install/ros2_mapping_project/lib/python3.10/site-packages/ros2_mapping_project-0.0.1-py3.10.egg-info/PKG-INFO
/home/team4/Desktop/ros2_mapping_project/install/ros2_mapping_project/lib/python3.10/site-packages/ros2_mapping_project-0.0.1-py3.10.egg-info/zip-safe
/home/team4/Desktop/ros2_mapping_project/install/ros2_mapping_project/lib/python3.10/site-packages/ros2_mapping_project-0.0.1-py3.10.egg-info/dependency_links.txt
/home/team4/Desktop/ros2_mapping_project/install/ros2_mapping_project/bin/encoders_node
/home/team4/Desktop/ros2_mapping_project/install/ros2_mapping_project/bin/imu_node
/home/team4/Desktop/ros2_mapping_project/install/ros2_mapping_project/bin/lidar_node
/home/team4/Desktop/ros2_mapping_project/install/ros2_mapping_project/bin/motor_driver_node
