running egg_info
creating build/ros2_mapping_project/ros2_mapping_project.egg-info
writing build/ros2_mapping_project/ros2_mapping_project.egg-info/PKG-INFO
writing dependency_links to build/ros2_mapping_project/ros2_mapping_project.egg-info/dependency_links.txt
writing entry points to build/ros2_mapping_project/ros2_mapping_project.egg-info/entry_points.txt
writing requirements to build/ros2_mapping_project/ros2_mapping_project.egg-info/requires.txt
writing top-level names to build/ros2_mapping_project/ros2_mapping_project.egg-info/top_level.txt
writing manifest file 'build/ros2_mapping_project/ros2_mapping_project.egg-info/SOURCES.txt'
reading manifest file 'build/ros2_mapping_project/ros2_mapping_project.egg-info/SOURCES.txt'
writing manifest file 'build/ros2_mapping_project/ros2_mapping_project.egg-info/SOURCES.txt'
running build
running build_py
creating /home/team4/Desktop/ros2_mapping_project/build/ros2_mapping_project/build
creating /home/team4/Desktop/ros2_mapping_project/build/ros2_mapping_project/build/lib
creating /home/team4/Desktop/ros2_mapping_project/build/ros2_mapping_project/build/lib/ros2_mapping_project
copying ros2_mapping_project/motor_driver_pca_reg_dual.py -> /home/team4/Desktop/ros2_mapping_project/build/ros2_mapping_project/build/lib/ros2_mapping_project
copying ros2_mapping_project/encoders_node.py -> /home/team4/Desktop/ros2_mapping_project/build/ros2_mapping_project/build/lib/ros2_mapping_project
copying ros2_mapping_project/lidar_node.py -> /home/team4/Desktop/ros2_mapping_project/build/ros2_mapping_project/build/lib/ros2_mapping_project
copying ros2_mapping_project/imu_node.py -> /home/team4/Desktop/ros2_mapping_project/build/ros2_mapping_project/build/lib/ros2_mapping_project
copying ros2_mapping_project/__init__.py -> /home/team4/Desktop/ros2_mapping_project/build/ros2_mapping_project/build/lib/ros2_mapping_project
running install
running install_lib
creating /home/team4/Desktop/ros2_mapping_project/install/ros2_mapping_project/lib/python3.10/site-packages/ros2_mapping_project
copying /home/team4/Desktop/ros2_mapping_project/build/ros2_mapping_project/build/lib/ros2_mapping_project/motor_driver_pca_reg_dual.py -> /home/team4/Desktop/ros2_mapping_project/install/ros2_mapping_project/lib/python3.10/site-packages/ros2_mapping_project
copying /home/team4/Desktop/ros2_mapping_project/build/ros2_mapping_project/build/lib/ros2_mapping_project/encoders_node.py -> /home/team4/Desktop/ros2_mapping_project/install/ros2_mapping_project/lib/python3.10/site-packages/ros2_mapping_project
copying /home/team4/Desktop/ros2_mapping_project/build/ros2_mapping_project/build/lib/ros2_mapping_project/lidar_node.py -> /home/team4/Desktop/ros2_mapping_project/install/ros2_mapping_project/lib/python3.10/site-packages/ros2_mapping_project
copying /home/team4/Desktop/ros2_mapping_project/build/ros2_mapping_project/build/lib/ros2_mapping_project/imu_node.py -> /home/team4/Desktop/ros2_mapping_project/install/ros2_mapping_project/lib/python3.10/site-packages/ros2_mapping_project
copying /home/team4/Desktop/ros2_mapping_project/build/ros2_mapping_project/build/lib/ros2_mapping_project/__init__.py -> /home/team4/Desktop/ros2_mapping_project/install/ros2_mapping_project/lib/python3.10/site-packages/ros2_mapping_project
byte-compiling /home/team4/Desktop/ros2_mapping_project/install/ros2_mapping_project/lib/python3.10/site-packages/ros2_mapping_project/motor_driver_pca_reg_dual.py to motor_driver_pca_reg_dual.cpython-310.pyc
byte-compiling /home/team4/Desktop/ros2_mapping_project/install/ros2_mapping_project/lib/python3.10/site-packages/ros2_mapping_project/encoders_node.py to encoders_node.cpython-310.pyc
byte-compiling /home/team4/Desktop/ros2_mapping_project/install/ros2_mapping_project/lib/python3.10/site-packages/ros2_mapping_project/lidar_node.py to lidar_node.cpython-310.pyc
byte-compiling /home/team4/Desktop/ros2_mapping_project/install/ros2_mapping_project/lib/python3.10/site-packages/ros2_mapping_project/imu_node.py to imu_node.cpython-310.pyc
byte-compiling /home/team4/Desktop/ros2_mapping_project/install/ros2_mapping_project/lib/python3.10/site-packages/ros2_mapping_project/__init__.py to __init__.cpython-310.pyc
running install_data
creating /home/team4/Desktop/ros2_mapping_project/install/ros2_mapping_project/share/ament_index
creating /home/team4/Desktop/ros2_mapping_project/install/ros2_mapping_project/share/ament_index/resource_index
creating /home/team4/Desktop/ros2_mapping_project/install/ros2_mapping_project/share/ament_index/resource_index/packages
copying resource/ros2_mapping_project -> /home/team4/Desktop/ros2_mapping_project/install/ros2_mapping_project/share/ament_index/resource_index/packages
copying package.xml -> /home/team4/Desktop/ros2_mapping_project/install/ros2_mapping_project/share/ros2_mapping_project
creating /home/team4/Desktop/ros2_mapping_project/install/ros2_mapping_project/share/ros2_mapping_project/launch
copying launch/slam.launch.py -> /home/team4/Desktop/ros2_mapping_project/install/ros2_mapping_project/share/ros2_mapping_project/launch
copying launch/bringup_gpio.launch.py -> /home/team4/Desktop/ros2_mapping_project/install/ros2_mapping_project/share/ros2_mapping_project/launch
copying launch/nav2_navigation.launch.py -> /home/team4/Desktop/ros2_mapping_project/install/ros2_mapping_project/share/ros2_mapping_project/launch
creating /home/team4/Desktop/ros2_mapping_project/install/ros2_mapping_project/share/ros2_mapping_project/config
copying config/motor_driver.yaml -> /home/team4/Desktop/ros2_mapping_project/install/ros2_mapping_project/share/ros2_mapping_project/config
copying config/twist_mux.yaml -> /home/team4/Desktop/ros2_mapping_project/install/ros2_mapping_project/share/ros2_mapping_project/config
creating /home/team4/Desktop/ros2_mapping_project/install/ros2_mapping_project/share/ros2_mapping_project/description
copying odom_params.yaml -> /home/team4/Desktop/ros2_mapping_project/install/ros2_mapping_project/share/ros2_mapping_project
copying imu_filter_params.yaml -> /home/team4/Desktop/ros2_mapping_project/install/ros2_mapping_project/share/ros2_mapping_project
copying slam_params.yaml -> /home/team4/Desktop/ros2_mapping_project/install/ros2_mapping_project/share/ros2_mapping_project
copying nav2_params.yaml -> /home/team4/Desktop/ros2_mapping_project/install/ros2_mapping_project/share/ros2_mapping_project
copying slam_params_no_ekf.yaml -> /home/team4/Desktop/ros2_mapping_project/install/ros2_mapping_project/share/ros2_mapping_project
copying nav2_min.yaml -> /home/team4/Desktop/ros2_mapping_project/install/ros2_mapping_project/share/ros2_mapping_project
copying slam.rviz -> /home/team4/Desktop/ros2_mapping_project/install/ros2_mapping_project/share/ros2_mapping_project
copying nav2_fixed.rviz -> /home/team4/Desktop/ros2_mapping_project/install/ros2_mapping_project/share/ros2_mapping_project
running install_egg_info
Copying build/ros2_mapping_project/ros2_mapping_project.egg-info to /home/team4/Desktop/ros2_mapping_project/install/ros2_mapping_project/lib/python3.10/site-packages/ros2_mapping_project-0.0.1-py3.10.egg-info
running install_scripts
Installing encoders_node script to /home/team4/Desktop/ros2_mapping_project/install/ros2_mapping_project/bin
Installing imu_node script to /home/team4/Desktop/ros2_mapping_project/install/ros2_mapping_project/bin
Installing lidar_node script to /home/team4/Desktop/ros2_mapping_project/install/ros2_mapping_project/bin
Installing motor_driver_node script to /home/team4/Desktop/ros2_mapping_project/install/ros2_mapping_project/bin
writing list of installed files to '/home/team4/Desktop/ros2_mapping_project/build/ros2_mapping_project/install.log'
