[0.257s] [34mcolcon[0m [1;30mDEBUG[0m [32mCommand line arguments: ['/usr/bin/colcon', 'build'][0m
[0.258s] [34mcolcon[0m [1;30mDEBUG[0m [32mParsed command line arguments: Namespace(log_base=None, log_level=None, verb_name='build', build_base='build', install_base='install', merge_install=False, symlink_install=False, test_result_base=None, continue_on_error=False, executor='parallel', parallel_workers=6, event_handlers=None, ignore_user_meta=False, metas=['./colcon.meta'], base_paths=['.'], packages_ignore=None, packages_ignore_regex=None, paths=None, packages_up_to=None, packages_up_to_regex=None, packages_above=None, packages_above_and_dependencies=None, packages_above_depth=None, packages_select_by_dep=None, packages_skip_by_dep=None, packages_skip_up_to=None, packages_select_build_failed=False, packages_skip_build_finished=False, packages_select_test_failures=False, packages_skip_test_passed=False, packages_select=None, packages_skip=None, packages_select_regex=None, packages_skip_regex=None, packages_start=None, packages_end=None, allow_overriding=[], cmake_args=None, cmake_target=None, cmake_target_skip_unavailable=False, cmake_clean_cache=False, cmake_clean_first=False, cmake_force_configure=False, ament_cmake_args=None, catkin_cmake_args=None, catkin_skip_building_tests=False, mixin_files=None, mixin=None, verb_parser=<colcon_mixin.mixin.mixin_argument.MixinArgumentDecorator object at 0xffffa4510e50>, verb_extension=<colcon_core.verb.build.BuildVerb object at 0xffffa46364a0>, main=<bound method BuildVerb.main of <colcon_core.verb.build.BuildVerb object at 0xffffa46364a0>>, mixin_verb=('build',))[0m
[0.652s] [34mcolcon.colcon_core.package_discovery[0m [1;30mLevel 1[0m discover_packages(colcon_meta) check parameters
[0.652s] [34mcolcon.colcon_core.package_discovery[0m [1;30mLevel 1[0m discover_packages(recursive) check parameters
[0.652s] [34mcolcon.colcon_core.package_discovery[0m [1;30mLevel 1[0m discover_packages(ignore) check parameters
[0.652s] [34mcolcon.colcon_core.package_discovery[0m [1;30mLevel 1[0m discover_packages(path) check parameters
[0.652s] [34mcolcon.colcon_core.package_discovery[0m [1;30mLevel 1[0m discover_packages(colcon_meta) discover
[0.652s] [34mcolcon.colcon_core.package_discovery[0m [1;30mLevel 1[0m discover_packages(recursive) discover
[0.652s] [34mcolcon.colcon_core.package_discovery[0m [1;30mINFO[0m Crawling recursively for packages in '/home/team4/Desktop/ros2_mapping_project'
[0.653s] [34mcolcon.colcon_core.package_identification[0m [1;30mLevel 1[0m _identify(.) by extensions ['ignore', 'ignore_ament_install']
[0.653s] [34mcolcon.colcon_core.package_identification[0m [1;30mLevel 1[0m _identify(.) by extension 'ignore'
[0.653s] [34mcolcon.colcon_core.package_identification[0m [1;30mLevel 1[0m _identify(.) by extension 'ignore_ament_install'
[0.653s] [34mcolcon.colcon_core.package_identification[0m [1;30mLevel 1[0m _identify(.) by extensions ['colcon_pkg']
[0.653s] [34mcolcon.colcon_core.package_identification[0m [1;30mLevel 1[0m _identify(.) by extension 'colcon_pkg'
[0.653s] [34mcolcon.colcon_core.package_identification[0m [1;30mLevel 1[0m _identify(.) by extensions ['colcon_meta']
[0.653s] [34mcolcon.colcon_core.package_identification[0m [1;30mLevel 1[0m _identify(.) by extension 'colcon_meta'
[0.654s] [34mcolcon.colcon_core.package_identification[0m [1;30mLevel 1[0m _identify(.) by extensions ['ros']
[0.654s] [34mcolcon.colcon_core.package_identification[0m [1;30mLevel 1[0m _identify(.) by extension 'ros'
[0.729s] [34mcolcon.colcon_core.package_identification[0m [1;30mDEBUG[0m [32mPackage '.' with type 'ros.ament_python' and name 'ros2_mapping_project'[0m
[0.730s] [34mcolcon.colcon_core.package_discovery[0m [1;30mLevel 1[0m discover_packages(recursive) using defaults
[0.730s] [34mcolcon.colcon_core.package_discovery[0m [1;30mLevel 1[0m discover_packages(ignore) discover
[0.730s] [34mcolcon.colcon_core.package_discovery[0m [1;30mLevel 1[0m discover_packages(ignore) using defaults
[0.730s] [34mcolcon.colcon_core.package_discovery[0m [1;30mLevel 1[0m discover_packages(path) discover
[0.730s] [34mcolcon.colcon_core.package_discovery[0m [1;30mLevel 1[0m discover_packages(path) using defaults
[0.768s] [34mcolcon.colcon_core.package_discovery[0m [1;30mLevel 1[0m discover_packages(prefix_path) check parameters
[0.768s] [34mcolcon.colcon_core.package_discovery[0m [1;30mLevel 1[0m discover_packages(prefix_path) discover
[0.774s] [34mcolcon.colcon_installed_package_information.package_discovery[0m [1;30mDEBUG[0m [32mFound 326 installed packages in /opt/ros/humble[0m
[0.777s] [34mcolcon.colcon_core.package_discovery[0m [1;30mLevel 1[0m discover_packages(prefix_path) using defaults
[0.858s] [34mcolcon.colcon_core.verb[0m [1;30mLevel 5[0m set package 'ros2_mapping_project' build argument 'cmake_args' from command line to 'None'
[0.859s] [34mcolcon.colcon_core.verb[0m [1;30mLevel 5[0m set package 'ros2_mapping_project' build argument 'cmake_target' from command line to 'None'
[0.859s] [34mcolcon.colcon_core.verb[0m [1;30mLevel 5[0m set package 'ros2_mapping_project' build argument 'cmake_target_skip_unavailable' from command line to 'False'
[0.859s] [34mcolcon.colcon_core.verb[0m [1;30mLevel 5[0m set package 'ros2_mapping_project' build argument 'cmake_clean_cache' from command line to 'False'
[0.859s] [34mcolcon.colcon_core.verb[0m [1;30mLevel 5[0m set package 'ros2_mapping_project' build argument 'cmake_clean_first' from command line to 'False'
[0.859s] [34mcolcon.colcon_core.verb[0m [1;30mLevel 5[0m set package 'ros2_mapping_project' build argument 'cmake_force_configure' from command line to 'False'
[0.859s] [34mcolcon.colcon_core.verb[0m [1;30mLevel 5[0m set package 'ros2_mapping_project' build argument 'ament_cmake_args' from command line to 'None'
[0.859s] [34mcolcon.colcon_core.verb[0m [1;30mLevel 5[0m set package 'ros2_mapping_project' build argument 'catkin_cmake_args' from command line to 'None'
[0.859s] [34mcolcon.colcon_core.verb[0m [1;30mLevel 5[0m set package 'ros2_mapping_project' build argument 'catkin_skip_building_tests' from command line to 'False'
[0.859s] [34mcolcon.colcon_core.verb[0m [1;30mDEBUG[0m [32mBuilding package 'ros2_mapping_project' with the following arguments: {'ament_cmake_args': None, 'build_base': '/home/team4/Desktop/ros2_mapping_project/build/ros2_mapping_project', 'catkin_cmake_args': None, 'catkin_skip_building_tests': False, 'cmake_args': None, 'cmake_clean_cache': False, 'cmake_clean_first': False, 'cmake_force_configure': False, 'cmake_target': None, 'cmake_target_skip_unavailable': False, 'install_base': '/home/team4/Desktop/ros2_mapping_project/install/ros2_mapping_project', 'merge_install': False, 'path': '/home/team4/Desktop/ros2_mapping_project', 'symlink_install': False, 'test_result_base': None}[0m
[0.859s] [34mcolcon.colcon_core.executor[0m [1;30mINFO[0m Executing jobs using 'parallel' executor
[0.861s] [34mcolcon.colcon_parallel_executor.executor.parallel[0m [1;30mDEBUG[0m [32mrun_until_complete[0m
[0.862s] [34mcolcon.colcon_ros.task.ament_python.build[0m [1;30mINFO[0m Building ROS package in '/home/team4/Desktop/ros2_mapping_project' with build type 'ament_python'
[0.862s] [34mcolcon.colcon_core.shell[0m [1;30mLevel 1[0m create_environment_hook('ros2_mapping_project', 'ament_prefix_path')
[0.867s] [34mcolcon.colcon_core.plugin_system[0m [1;30mINFO[0m Skipping extension 'colcon_core.shell.bat': Not used on non-Windows systems
[0.868s] [34mcolcon.colcon_core.shell[0m [1;30mINFO[0m Creating environment hook '/home/team4/Desktop/ros2_mapping_project/install/ros2_mapping_project/share/ros2_mapping_project/hook/ament_prefix_path.ps1'
[0.870s] [34mcolcon.colcon_core.shell[0m [1;30mINFO[0m Creating environment descriptor '/home/team4/Desktop/ros2_mapping_project/install/ros2_mapping_project/share/ros2_mapping_project/hook/ament_prefix_path.dsv'
[0.871s] [34mcolcon.colcon_core.shell[0m [1;30mINFO[0m Creating environment hook '/home/team4/Desktop/ros2_mapping_project/install/ros2_mapping_project/share/ros2_mapping_project/hook/ament_prefix_path.sh'
[0.872s] [34mcolcon.colcon_core.shell[0m [1;30mINFO[0m Skip shell extension 'powershell' for command environment: Not usable outside of PowerShell
[0.872s] [34mcolcon.colcon_core.shell[0m [1;30mDEBUG[0m [32mSkip shell extension 'dsv' for command environment[0m
[1.510s] [34mcolcon.colcon_core.task.python.build[0m [1;30mINFO[0m Building Python package in '/home/team4/Desktop/ros2_mapping_project'
[1.511s] [34mcolcon.colcon_core.shell[0m [1;30mINFO[0m Skip shell extension 'powershell' for command environment: Not usable outside of PowerShell
[1.512s] [34mcolcon.colcon_core.shell[0m [1;30mDEBUG[0m [32mSkip shell extension 'dsv' for command environment[0m
[2.407s] [34mcolcon.colcon_core.event_handler.log_command[0m [1;30mDEBUG[0m [32mInvoking command in '/home/team4/Desktop/ros2_mapping_project': PYTHONPATH=/home/team4/Desktop/ros2_mapping_project/build/ros2_mapping_project/prefix_override:/usr/lib/python3/dist-packages/colcon_core/task/python/colcon_distutils_commands:/home/team4/Desktop/ros2_mapping_project/install/ros2_mapping_project/lib/python3.10/site-packages:${PYTHONPATH} /usr/bin/python3 -W ignore:setup.py install is deprecated -W ignore:easy_install command is deprecated setup.py egg_info --egg-base build/ros2_mapping_project build --build-base /home/team4/Desktop/ros2_mapping_project/build/ros2_mapping_project/build install --record /home/team4/Desktop/ros2_mapping_project/build/ros2_mapping_project/install.log --single-version-externally-managed install_data[0m
[3.245s] [34mcolcon.colcon_core.event_handler.log_command[0m [1;30mDEBUG[0m [32mInvoked command in '/home/team4/Desktop/ros2_mapping_project' returned '0': PYTHONPATH=/home/team4/Desktop/ros2_mapping_project/build/ros2_mapping_project/prefix_override:/usr/lib/python3/dist-packages/colcon_core/task/python/colcon_distutils_commands:/home/team4/Desktop/ros2_mapping_project/install/ros2_mapping_project/lib/python3.10/site-packages:${PYTHONPATH} /usr/bin/python3 -W ignore:setup.py install is deprecated -W ignore:easy_install command is deprecated setup.py egg_info --egg-base build/ros2_mapping_project build --build-base /home/team4/Desktop/ros2_mapping_project/build/ros2_mapping_project/build install --record /home/team4/Desktop/ros2_mapping_project/build/ros2_mapping_project/install.log --single-version-externally-managed install_data[0m
[3.250s] [34mcolcon.colcon_core.environment[0m [1;30mLevel 1[0m checking '/home/team4/Desktop/ros2_mapping_project/install/ros2_mapping_project' for CMake module files
[3.251s] [34mcolcon.colcon_core.environment[0m [1;30mLevel 1[0m checking '/home/team4/Desktop/ros2_mapping_project/install/ros2_mapping_project' for CMake config files
[3.253s] [34mcolcon.colcon_core.environment[0m [1;30mLevel 1[0m checking '/home/team4/Desktop/ros2_mapping_project/install/ros2_mapping_project/lib'
[3.253s] [34mcolcon.colcon_core.environment[0m [1;30mLevel 1[0m checking '/home/team4/Desktop/ros2_mapping_project/install/ros2_mapping_project/bin'
[3.254s] [34mcolcon.colcon_core.shell[0m [1;30mLevel 1[0m create_environment_hook('ros2_mapping_project', 'path')
[3.254s] [34mcolcon.colcon_core.shell[0m [1;30mINFO[0m Creating environment hook '/home/team4/Desktop/ros2_mapping_project/install/ros2_mapping_project/share/ros2_mapping_project/hook/path.ps1'
[3.255s] [34mcolcon.colcon_core.shell[0m [1;30mINFO[0m Creating environment descriptor '/home/team4/Desktop/ros2_mapping_project/install/ros2_mapping_project/share/ros2_mapping_project/hook/path.dsv'
[3.256s] [34mcolcon.colcon_core.shell[0m [1;30mINFO[0m Creating environment hook '/home/team4/Desktop/ros2_mapping_project/install/ros2_mapping_project/share/ros2_mapping_project/hook/path.sh'
[3.257s] [34mcolcon.colcon_core.environment[0m [1;30mLevel 1[0m checking '/home/team4/Desktop/ros2_mapping_project/install/ros2_mapping_project/lib/pkgconfig/ros2_mapping_project.pc'
[3.258s] [34mcolcon.colcon_core.environment[0m [1;30mLevel 1[0m checking '/home/team4/Desktop/ros2_mapping_project/install/ros2_mapping_project/lib/python3.10/site-packages'
[3.258s] [34mcolcon.colcon_core.shell[0m [1;30mLevel 1[0m create_environment_hook('ros2_mapping_project', 'pythonpath')
[3.258s] [34mcolcon.colcon_core.shell[0m [1;30mINFO[0m Creating environment hook '/home/team4/Desktop/ros2_mapping_project/install/ros2_mapping_project/share/ros2_mapping_project/hook/pythonpath.ps1'
[3.260s] [34mcolcon.colcon_core.shell[0m [1;30mINFO[0m Creating environment descriptor '/home/team4/Desktop/ros2_mapping_project/install/ros2_mapping_project/share/ros2_mapping_project/hook/pythonpath.dsv'
[3.260s] [34mcolcon.colcon_core.shell[0m [1;30mINFO[0m Creating environment hook '/home/team4/Desktop/ros2_mapping_project/install/ros2_mapping_project/share/ros2_mapping_project/hook/pythonpath.sh'
[3.261s] [34mcolcon.colcon_core.environment[0m [1;30mLevel 1[0m checking '/home/team4/Desktop/ros2_mapping_project/install/ros2_mapping_project/bin'
[3.262s] [34mcolcon.colcon_core.shell[0m [1;30mLevel 1[0m create_environment_hook('ros2_mapping_project', 'pythonscriptspath')
[3.262s] [34mcolcon.colcon_core.shell[0m [1;30mINFO[0m Creating environment hook '/home/team4/Desktop/ros2_mapping_project/install/ros2_mapping_project/share/ros2_mapping_project/hook/pythonscriptspath.ps1'
[3.263s] [34mcolcon.colcon_core.shell[0m [1;30mINFO[0m Creating environment descriptor '/home/team4/Desktop/ros2_mapping_project/install/ros2_mapping_project/share/ros2_mapping_project/hook/pythonscriptspath.dsv'
[3.264s] [34mcolcon.colcon_core.shell[0m [1;30mINFO[0m Creating environment hook '/home/team4/Desktop/ros2_mapping_project/install/ros2_mapping_project/share/ros2_mapping_project/hook/pythonscriptspath.sh'
[3.264s] [34mcolcon.colcon_core.environment[0m [1;30mLevel 1[0m create_environment_scripts_only(ros2_mapping_project)
[3.265s] [34mcolcon.colcon_core.shell[0m [1;30mINFO[0m Creating package script '/home/team4/Desktop/ros2_mapping_project/install/ros2_mapping_project/share/ros2_mapping_project/package.ps1'
[3.268s] [34mcolcon.colcon_core.shell[0m [1;30mINFO[0m Creating package descriptor '/home/team4/Desktop/ros2_mapping_project/install/ros2_mapping_project/share/ros2_mapping_project/package.dsv'
[3.270s] [34mcolcon.colcon_core.shell[0m [1;30mINFO[0m Creating package script '/home/team4/Desktop/ros2_mapping_project/install/ros2_mapping_project/share/ros2_mapping_project/package.sh'
[3.272s] [34mcolcon.colcon_core.shell[0m [1;30mINFO[0m Creating package script '/home/team4/Desktop/ros2_mapping_project/install/ros2_mapping_project/share/ros2_mapping_project/package.bash'
[3.274s] [34mcolcon.colcon_core.shell[0m [1;30mINFO[0m Creating package script '/home/team4/Desktop/ros2_mapping_project/install/ros2_mapping_project/share/ros2_mapping_project/package.zsh'
[3.276s] [34mcolcon.colcon_core.environment[0m [1;30mLevel 1[0m create_file_with_runtime_dependencies(/home/team4/Desktop/ros2_mapping_project/install/ros2_mapping_project/share/colcon-core/packages/ros2_mapping_project)
[3.278s] [34mcolcon.colcon_parallel_executor.executor.parallel[0m [1;30mDEBUG[0m [32mclosing loop[0m
[3.279s] [34mcolcon.colcon_parallel_executor.executor.parallel[0m [1;30mDEBUG[0m [32mloop closed[0m
[3.279s] [34mcolcon.colcon_parallel_executor.executor.parallel[0m [1;30mDEBUG[0m [32mrun_until_complete finished with '0'[0m
[3.280s] [34mcolcon.colcon_core.event_reactor[0m [1;30mDEBUG[0m [32mjoining thread[0m
[3.290s] [34mcolcon.colcon_core.plugin_system[0m [1;30mINFO[0m Skipping extension 'colcon_notification.desktop_notification.terminal_notifier': Not used on non-Darwin systems
[3.291s] [34mcolcon.colcon_core.plugin_system[0m [1;30mINFO[0m Skipping extension 'colcon_notification.desktop_notification.win32': Not used on non-Windows systems
[3.291s] [34mcolcon.colcon_notification.desktop_notification[0m [1;30mINFO[0m Sending desktop notification using 'notify2'
[3.323s] [34mcolcon.colcon_core.event_reactor[0m [1;30mDEBUG[0m [32mjoined thread[0m
[3.325s] [34mcolcon.colcon_core.shell[0m [1;30mINFO[0m Creating prefix script '/home/team4/Desktop/ros2_mapping_project/install/local_setup.ps1'
[3.328s] [34mcolcon.colcon_core.shell[0m [1;30mINFO[0m Creating prefix util module '/home/team4/Desktop/ros2_mapping_project/install/_local_setup_util_ps1.py'
[3.337s] [34mcolcon.colcon_core.shell[0m [1;30mINFO[0m Creating prefix chain script '/home/team4/Desktop/ros2_mapping_project/install/setup.ps1'
[3.342s] [34mcolcon.colcon_core.shell[0m [1;30mINFO[0m Creating prefix script '/home/team4/Desktop/ros2_mapping_project/install/local_setup.sh'
[3.343s] [34mcolcon.colcon_core.shell[0m [1;30mINFO[0m Creating prefix util module '/home/team4/Desktop/ros2_mapping_project/install/_local_setup_util_sh.py'
[3.344s] [34mcolcon.colcon_core.shell[0m [1;30mINFO[0m Creating prefix chain script '/home/team4/Desktop/ros2_mapping_project/install/setup.sh'
[3.346s] [34mcolcon.colcon_core.shell[0m [1;30mINFO[0m Creating prefix script '/home/team4/Desktop/ros2_mapping_project/install/local_setup.bash'
[3.347s] [34mcolcon.colcon_core.shell[0m [1;30mINFO[0m Creating prefix chain script '/home/team4/Desktop/ros2_mapping_project/install/setup.bash'
[3.349s] [34mcolcon.colcon_core.shell[0m [1;30mINFO[0m Creating prefix script '/home/team4/Desktop/ros2_mapping_project/install/local_setup.zsh'
[3.350s] [34mcolcon.colcon_core.shell[0m [1;30mINFO[0m Creating prefix chain script '/home/team4/Desktop/ros2_mapping_project/install/setup.zsh'
