running develop
running egg_info
creating ros2_mapping_project.egg-info
writing ros2_mapping_project.egg-info/PKG-INFO
writing dependency_links to ros2_mapping_project.egg-info/dependency_links.txt
writing entry points to ros2_mapping_project.egg-info/entry_points.txt
writing requirements to ros2_mapping_project.egg-info/requires.txt
writing top-level names to ros2_mapping_project.egg-info/top_level.txt
writing manifest file 'ros2_mapping_project.egg-info/SOURCES.txt'
reading manifest file 'ros2_mapping_project.egg-info/SOURCES.txt'
writing manifest file 'ros2_mapping_project.egg-info/SOURCES.txt'
running build_ext
Creating /home/team4/Desktop/ros2_mapping_project/install/ros2_mapping_project/lib/python3.10/site-packages/ros2-mapping-project.egg-link (link to .)
Installing encoders_node script to /home/team4/Desktop/ros2_mapping_project/install/ros2_mapping_project/bin
Installing imu_node script to /home/team4/Desktop/ros2_mapping_project/install/ros2_mapping_project/bin
Installing lidar_node script to /home/team4/Desktop/ros2_mapping_project/install/ros2_mapping_project/bin
Installing motor_driver_node script to /home/team4/Desktop/ros2_mapping_project/install/ros2_mapping_project/bin

Installed /home/team4/Desktop/ros2_mapping_project/build/ros2_mapping_project
running symlink_data
creating /home/team4/Desktop/ros2_mapping_project/install/ros2_mapping_project/share/ament_index
creating /home/team4/Desktop/ros2_mapping_project/install/ros2_mapping_project/share/ament_index/resource_index
creating /home/team4/Desktop/ros2_mapping_project/install/ros2_mapping_project/share/ament_index/resource_index/packages
symbolically linking /home/team4/Desktop/ros2_mapping_project/build/ros2_mapping_project/resource/ros2_mapping_project -> /home/team4/Desktop/ros2_mapping_project/install/ros2_mapping_project/share/ament_index/resource_index/packages
symbolically linking /home/team4/Desktop/ros2_mapping_project/build/ros2_mapping_project/package.xml -> /home/team4/Desktop/ros2_mapping_project/install/ros2_mapping_project/share/ros2_mapping_project
creating /home/team4/Desktop/ros2_mapping_project/install/ros2_mapping_project/share/ros2_mapping_project/launch
symbolically linking /home/team4/Desktop/ros2_mapping_project/build/ros2_mapping_project/launch/slam.launch.py -> /home/team4/Desktop/ros2_mapping_project/install/ros2_mapping_project/share/ros2_mapping_project/launch
symbolically linking /home/team4/Desktop/ros2_mapping_project/build/ros2_mapping_project/launch/bringup.launch.py -> /home/team4/Desktop/ros2_mapping_project/install/ros2_mapping_project/share/ros2_mapping_project/launch
symbolically linking /home/team4/Desktop/ros2_mapping_project/build/ros2_mapping_project/launch/bringup_gpio.launch.py -> /home/team4/Desktop/ros2_mapping_project/install/ros2_mapping_project/share/ros2_mapping_project/launch
symbolically linking /home/team4/Desktop/ros2_mapping_project/build/ros2_mapping_project/launch/nav2_navigation.launch.py -> /home/team4/Desktop/ros2_mapping_project/install/ros2_mapping_project/share/ros2_mapping_project/launch
creating /home/team4/Desktop/ros2_mapping_project/install/ros2_mapping_project/share/ros2_mapping_project/config
symbolically linking /home/team4/Desktop/ros2_mapping_project/build/ros2_mapping_project/config/motor_driver.yaml -> /home/team4/Desktop/ros2_mapping_project/install/ros2_mapping_project/share/ros2_mapping_project/config
symbolically linking /home/team4/Desktop/ros2_mapping_project/build/ros2_mapping_project/config/twist_mux.yaml -> /home/team4/Desktop/ros2_mapping_project/install/ros2_mapping_project/share/ros2_mapping_project/config
creating /home/team4/Desktop/ros2_mapping_project/install/ros2_mapping_project/share/ros2_mapping_project/description
symbolically linking /home/team4/Desktop/ros2_mapping_project/build/ros2_mapping_project/odom_params.yaml -> /home/team4/Desktop/ros2_mapping_project/install/ros2_mapping_project/share/ros2_mapping_project
symbolically linking /home/team4/Desktop/ros2_mapping_project/build/ros2_mapping_project/imu_filter_params.yaml -> /home/team4/Desktop/ros2_mapping_project/install/ros2_mapping_project/share/ros2_mapping_project
symbolically linking /home/team4/Desktop/ros2_mapping_project/build/ros2_mapping_project/slam_params.yaml -> /home/team4/Desktop/ros2_mapping_project/install/ros2_mapping_project/share/ros2_mapping_project
symbolically linking /home/team4/Desktop/ros2_mapping_project/build/ros2_mapping_project/nav2_params.yaml -> /home/team4/Desktop/ros2_mapping_project/install/ros2_mapping_project/share/ros2_mapping_project
symbolically linking /home/team4/Desktop/ros2_mapping_project/build/ros2_mapping_project/slam_params_no_ekf.yaml -> /home/team4/Desktop/ros2_mapping_project/install/ros2_mapping_project/share/ros2_mapping_project
symbolically linking /home/team4/Desktop/ros2_mapping_project/build/ros2_mapping_project/nav2_min.yaml -> /home/team4/Desktop/ros2_mapping_project/install/ros2_mapping_project/share/ros2_mapping_project
symbolically linking /home/team4/Desktop/ros2_mapping_project/build/ros2_mapping_project/slam.rviz -> /home/team4/Desktop/ros2_mapping_project/install/ros2_mapping_project/share/ros2_mapping_project
symbolically linking /home/team4/Desktop/ros2_mapping_project/build/ros2_mapping_project/nav2_fixed.rviz -> /home/team4/Desktop/ros2_mapping_project/install/ros2_mapping_project/share/ros2_mapping_project
