[1.384s] Invoking command in '/home/team4/Desktop/ros2_mapping_project/build/ros2_mapping_project': PYTHONPATH=/home/team4/Desktop/ros2_mapping_project/build/ros2_mapping_project/prefix_override:/usr/lib/python3/dist-packages/colcon_core/task/python/colcon_distutils_commands:/home/team4/Desktop/ros2_mapping_project/install/ros2_mapping_project/lib/python3.10/site-packages:${PYTHONPATH} /usr/bin/python3 -W ignore:setup.py install is deprecated -W ignore:easy_install command is deprecated setup.py develop --editable --build-directory /home/team4/Desktop/ros2_mapping_project/build/ros2_mapping_project/build --no-deps symlink_data
[1.913s] running develop
[2.268s] running egg_info
[2.269s] creating ros2_mapping_project.egg-info
[2.269s] writing ros2_mapping_project.egg-info/PKG-INFO
[2.270s] writing dependency_links to ros2_mapping_project.egg-info/dependency_links.txt
[2.270s] writing entry points to ros2_mapping_project.egg-info/entry_points.txt
[2.270s] writing requirements to ros2_mapping_project.egg-info/requires.txt
[2.270s] writing top-level names to ros2_mapping_project.egg-info/top_level.txt
[2.271s] writing manifest file 'ros2_mapping_project.egg-info/SOURCES.txt'
[2.275s] reading manifest file 'ros2_mapping_project.egg-info/SOURCES.txt'
[2.277s] writing manifest file 'ros2_mapping_project.egg-info/SOURCES.txt'
[2.280s] running build_ext
[2.280s] Creating /home/team4/Desktop/ros2_mapping_project/install/ros2_mapping_project/lib/python3.10/site-packages/ros2-mapping-project.egg-link (link to .)
[2.282s] Installing encoders_node script to /home/team4/Desktop/ros2_mapping_project/install/ros2_mapping_project/bin
[2.283s] Installing imu_node script to /home/team4/Desktop/ros2_mapping_project/install/ros2_mapping_project/bin
[2.283s] Installing lidar_node script to /home/team4/Desktop/ros2_mapping_project/install/ros2_mapping_project/bin
[2.283s] Installing motor_driver_node script to /home/team4/Desktop/ros2_mapping_project/install/ros2_mapping_project/bin
[2.283s] 
[2.284s] Installed /home/team4/Desktop/ros2_mapping_project/build/ros2_mapping_project
[2.284s] running symlink_data
[2.284s] creating /home/team4/Desktop/ros2_mapping_project/install/ros2_mapping_project/share/ament_index
[2.284s] creating /home/team4/Desktop/ros2_mapping_project/install/ros2_mapping_project/share/ament_index/resource_index
[2.284s] creating /home/team4/Desktop/ros2_mapping_project/install/ros2_mapping_project/share/ament_index/resource_index/packages
[2.284s] symbolically linking /home/team4/Desktop/ros2_mapping_project/build/ros2_mapping_project/resource/ros2_mapping_project -> /home/team4/Desktop/ros2_mapping_project/install/ros2_mapping_project/share/ament_index/resource_index/packages
[2.285s] symbolically linking /home/team4/Desktop/ros2_mapping_project/build/ros2_mapping_project/package.xml -> /home/team4/Desktop/ros2_mapping_project/install/ros2_mapping_project/share/ros2_mapping_project
[2.285s] creating /home/team4/Desktop/ros2_mapping_project/install/ros2_mapping_project/share/ros2_mapping_project/launch
[2.286s] symbolically linking /home/team4/Desktop/ros2_mapping_project/build/ros2_mapping_project/launch/slam.launch.py -> /home/team4/Desktop/ros2_mapping_project/install/ros2_mapping_project/share/ros2_mapping_project/launch
[2.286s] symbolically linking /home/team4/Desktop/ros2_mapping_project/build/ros2_mapping_project/launch/bringup.launch.py -> /home/team4/Desktop/ros2_mapping_project/install/ros2_mapping_project/share/ros2_mapping_project/launch
[2.287s] symbolically linking /home/team4/Desktop/ros2_mapping_project/build/ros2_mapping_project/launch/bringup_gpio.launch.py -> /home/team4/Desktop/ros2_mapping_project/install/ros2_mapping_project/share/ros2_mapping_project/launch
[2.287s] symbolically linking /home/team4/Desktop/ros2_mapping_project/build/ros2_mapping_project/launch/nav2_navigation.launch.py -> /home/team4/Desktop/ros2_mapping_project/install/ros2_mapping_project/share/ros2_mapping_project/launch
[2.287s] creating /home/team4/Desktop/ros2_mapping_project/install/ros2_mapping_project/share/ros2_mapping_project/config
[2.287s] symbolically linking /home/team4/Desktop/ros2_mapping_project/build/ros2_mapping_project/config/motor_driver.yaml -> /home/team4/Desktop/ros2_mapping_project/install/ros2_mapping_project/share/ros2_mapping_project/config
[2.288s] symbolically linking /home/team4/Desktop/ros2_mapping_project/build/ros2_mapping_project/config/twist_mux.yaml -> /home/team4/Desktop/ros2_mapping_project/install/ros2_mapping_project/share/ros2_mapping_project/config
[2.288s] creating /home/team4/Desktop/ros2_mapping_project/install/ros2_mapping_project/share/ros2_mapping_project/description
[2.288s] symbolically linking /home/team4/Desktop/ros2_mapping_project/build/ros2_mapping_project/odom_params.yaml -> /home/team4/Desktop/ros2_mapping_project/install/ros2_mapping_project/share/ros2_mapping_project
[2.288s] symbolically linking /home/team4/Desktop/ros2_mapping_project/build/ros2_mapping_project/imu_filter_params.yaml -> /home/team4/Desktop/ros2_mapping_project/install/ros2_mapping_project/share/ros2_mapping_project
[2.288s] symbolically linking /home/team4/Desktop/ros2_mapping_project/build/ros2_mapping_project/slam_params.yaml -> /home/team4/Desktop/ros2_mapping_project/install/ros2_mapping_project/share/ros2_mapping_project
[2.288s] symbolically linking /home/team4/Desktop/ros2_mapping_project/build/ros2_mapping_project/nav2_params.yaml -> /home/team4/Desktop/ros2_mapping_project/install/ros2_mapping_project/share/ros2_mapping_project
[2.289s] symbolically linking /home/team4/Desktop/ros2_mapping_project/build/ros2_mapping_project/slam_params_no_ekf.yaml -> /home/team4/Desktop/ros2_mapping_project/install/ros2_mapping_project/share/ros2_mapping_project
[2.289s] symbolically linking /home/team4/Desktop/ros2_mapping_project/build/ros2_mapping_project/nav2_min.yaml -> /home/team4/Desktop/ros2_mapping_project/install/ros2_mapping_project/share/ros2_mapping_project
[2.289s] symbolically linking /home/team4/Desktop/ros2_mapping_project/build/ros2_mapping_project/slam.rviz -> /home/team4/Desktop/ros2_mapping_project/install/ros2_mapping_project/share/ros2_mapping_project
[2.289s] symbolically linking /home/team4/Desktop/ros2_mapping_project/build/ros2_mapping_project/nav2_fixed.rviz -> /home/team4/Desktop/ros2_mapping_project/install/ros2_mapping_project/share/ros2_mapping_project
[2.403s] Invoked command in '/home/team4/Desktop/ros2_mapping_project/build/ros2_mapping_project' returned '0': PYTHONPATH=/home/team4/Desktop/ros2_mapping_project/build/ros2_mapping_project/prefix_override:/usr/lib/python3/dist-packages/colcon_core/task/python/colcon_distutils_commands:/home/team4/Desktop/ros2_mapping_project/install/ros2_mapping_project/lib/python3.10/site-packages:${PYTHONPATH} /usr/bin/python3 -W ignore:setup.py install is deprecated -W ignore:easy_install command is deprecated setup.py develop --editable --build-directory /home/team4/Desktop/ros2_mapping_project/build/ros2_mapping_project/build --no-deps symlink_data
